<?xml version="1.0" encoding="UTF-8"?>
<testsuite xmlns:xsi="http://www.w3.org/2001/XMLSchema-instance" xsi:noNamespaceSchemaLocation="https://maven.apache.org/surefire/maven-surefire-plugin/xsd/surefire-test-report.xsd" name="geco.LoginGeneratorTest" time="0.571" tests="4" errors="0" skipped="0" failures="0">
  <properties>
[...]
</properties>
  <testcase name="generateLoginForNomAndPrenomExistsJRAL2" classname="geco.LoginGeneratorTest" time="0.439"/>
  <testcase name="generateLoginForNomAndPrenomExistsCT1" classname="geco.LoginGeneratorTest" time="0.001"/>
  <testcase name="generateLoginForNomAndPrenomExistsCT2" classname="geco.LoginGeneratorTest" time="0"/>
  <testcase name="generateLoginForNomAndPrenomExistsCT3" classname="geco.LoginGeneratorTest" time="0.026"/>
</testsuite>